<?xml version="1.0" encoding="UTF-8"?>
<testsuite name="AppTest" tests="1" skipped="0" failures="0" errors="0" timestamp="2016-02-12T17:48:25" hostname="epicodus-59.local" time="0.003">
  <properties/>
  <testcase name="replaceVowels_givenAPhrase_removeVowels" classname="AppTest" time="0.003"/>
  <system-out><![CDATA[]]></system-out>
  <system-err><![CDATA[]]></system-err>
</testsuite>
